<?xml version="1.0" encoding="UTF-8"?>
<!-- Generated by org.testng.reporters.JUnitReportReporter -->
<testsuite skipped="0" hostname="DESKTOP-DI72H8P" name="com.spinportal.admin.testscript.TestLoginPage" tests="1" failures="0" timestamp="17 Aug 2018 12:38:38 GMT" time="13.296" errors="0">
  <testcase name="launchBrowser" time="13.296" classname="com.spinportal.admin.testscript.TestLoginPage"/>
</testsuite> <!-- com.spinportal.admin.testscript.TestLoginPage -->
